[2025-08-27 19:25:00] [INFO] Op Code = GAS
[2025-08-27 19:25:00] [INFO] Operation = Generate API Specification Document
[2025-08-27 19:25:00] [INFO] Loaded config.properties successfully.
[2025-08-27 19:25:00] [INFO] Config loaded.
[2025-08-27 19:25:09] [INFO] Scope: ITSM=True ITAM=True
[2025-08-27 19:25:55] [INFO] Incident CF 1: name='New Text Area' id='1' type=1
[2025-08-27 19:26:13] [INFO] Incident CF 2: name='New Dropdown' id='2' type=2
[2025-08-27 19:26:26] [INFO] Incident CF 3: name='New Multi-Select Dropdown' id='3' type=3
[2025-08-27 19:26:42] [INFO] Incident CF 4: name='New Datetime' id='4' type=4
[2025-08-27 19:26:54] [INFO] Incident CF 5: name='New Radio' id='5' type=7
[2025-08-27 19:27:06] [INFO] Incident CF 6: name='New Number' id='6' type=5
[2025-08-27 19:27:16] [INFO] Incident CF 7: name='New Checkbox' id='7' type=6
[2025-08-27 19:27:29] [INFO] Incident CF 8: name='New Rich Text Area' id='8' type=1
[2025-08-27 19:27:41] [INFO] Incident CF 9: name='New Text Input' id='9' type=1
[2025-08-27 19:28:04] [INFO] Service Category 1: 'Hardware'
[2025-08-27 19:28:19] [INFO] SC 1.SR 1: 'HW 1'
[2025-08-27 19:28:38] [INFO] SC 1.SR 1.CF 1: name='New Text Area' id='1' type=1
[2025-08-27 19:28:59] [INFO] SC 1.SR 1.CF 2: name='New Dropdown' id='2' type=2
[2025-08-27 19:29:14] [INFO] SC 1.SR 1.CF 3: name='New Multi-Select Dropdown' id='3' type=3
[2025-08-27 19:29:23] [INFO] SC 1.SR 1.CF 4: name='New Datetime' id='4' type=4
[2025-08-27 19:29:35] [INFO] SC 1.SR 1.CF 5: name='New Radio' id='5' type=7
[2025-08-27 19:29:47] [INFO] SC 1.SR 1.CF 6: name='New Number' id='6' type=5
[2025-08-27 19:29:58] [INFO] SC 1.SR 1.CF 7: name='New Checkbox' id='7' type=6
[2025-08-27 19:30:09] [INFO] SC 1.SR 1.CF 8: name='New Rich Text Area' id='8' type=6
[2025-08-27 19:30:20] [INFO] SC 1.SR 1.CF 9: name='New Text Input' id='9' type=1
[2025-08-27 19:30:36] [INFO] Summary computed.
[2025-08-27 19:30:36] [INFO] Login API succeeded; bearer token acquired.
[2025-08-27 19:30:37] [INFO] Create Incident succeeded with Bearer.
[2025-08-27 19:30:37] [ERROR] Create Service Request failed. Status=-1; resp=HTTPError: HTTP Error 500: 
